actionid: tox
msg: packaging
cmdargs: '/Users/nabarun/src/redmart/env-test/bin/python3.6 /Users/nabarun/src/redmart/sw-users/setup.py sdist --formats=zip --dist-dir /Users/nabarun/src/redmart/sw-users/.tox/dist'

running sdist
running egg_info
creating swagger_server.egg-info
writing swagger_server.egg-info/PKG-INFO
writing dependency_links to swagger_server.egg-info/dependency_links.txt
writing entry points to swagger_server.egg-info/entry_points.txt
writing requirements to swagger_server.egg-info/requires.txt
writing top-level names to swagger_server.egg-info/top_level.txt
writing manifest file 'swagger_server.egg-info/SOURCES.txt'
reading manifest file 'swagger_server.egg-info/SOURCES.txt'
reading manifest template 'MANIFEST.in'
writing manifest file 'swagger_server.egg-info/SOURCES.txt'
running check
warning: check: missing required meta-data: url

warning: check: missing meta-data: either (author and author_email) or (maintainer and maintainer_email) must be supplied

creating swagger_server-1.0.4
creating swagger_server-1.0.4/swagger_server
creating swagger_server-1.0.4/swagger_server.egg-info
creating swagger_server-1.0.4/swagger_server/controllers
creating swagger_server-1.0.4/swagger_server/models
creating swagger_server-1.0.4/swagger_server/swagger
creating swagger_server-1.0.4/swagger_server/test
copying files to swagger_server-1.0.4...
copying MANIFEST.in -> swagger_server-1.0.4
copying README.md -> swagger_server-1.0.4
copying requirements.txt -> swagger_server-1.0.4
copying setup.py -> swagger_server-1.0.4
copying swagger_server/__init__.py -> swagger_server-1.0.4/swagger_server
copying swagger_server/__main__.py -> swagger_server-1.0.4/swagger_server
copying swagger_server/app.py -> swagger_server-1.0.4/swagger_server
copying swagger_server/database.py -> swagger_server-1.0.4/swagger_server
copying swagger_server/encoder.py -> swagger_server-1.0.4/swagger_server
copying swagger_server/util.py -> swagger_server-1.0.4/swagger_server
copying swagger_server.egg-info/PKG-INFO -> swagger_server-1.0.4/swagger_server.egg-info
copying swagger_server.egg-info/SOURCES.txt -> swagger_server-1.0.4/swagger_server.egg-info
copying swagger_server.egg-info/dependency_links.txt -> swagger_server-1.0.4/swagger_server.egg-info
copying swagger_server.egg-info/entry_points.txt -> swagger_server-1.0.4/swagger_server.egg-info
copying swagger_server.egg-info/requires.txt -> swagger_server-1.0.4/swagger_server.egg-info
copying swagger_server.egg-info/top_level.txt -> swagger_server-1.0.4/swagger_server.egg-info
copying swagger_server/controllers/__init__.py -> swagger_server-1.0.4/swagger_server/controllers
copying swagger_server/controllers/user_controller.py -> swagger_server-1.0.4/swagger_server/controllers
copying swagger_server/models/__init__.py -> swagger_server-1.0.4/swagger_server/models
copying swagger_server/models/api_response.py -> swagger_server-1.0.4/swagger_server/models
copying swagger_server/models/base_model_.py -> swagger_server-1.0.4/swagger_server/models
copying swagger_server/models/user.py -> swagger_server-1.0.4/swagger_server/models
copying swagger_server/swagger/swagger.yaml -> swagger_server-1.0.4/swagger_server/swagger
copying swagger_server/test/__init__.py -> swagger_server-1.0.4/swagger_server/test
copying swagger_server/test/test_user_controller.py -> swagger_server-1.0.4/swagger_server/test
Writing swagger_server-1.0.4/setup.cfg
creating .tox/dist
creating '.tox/dist/swagger_server-1.0.4.zip' and adding 'swagger_server-1.0.4' to it
adding 'swagger_server-1.0.4/PKG-INFO'
adding 'swagger_server-1.0.4/requirements.txt'
adding 'swagger_server-1.0.4/MANIFEST.in'
adding 'swagger_server-1.0.4/README.md'
adding 'swagger_server-1.0.4/setup.py'
adding 'swagger_server-1.0.4/setup.cfg'
adding 'swagger_server-1.0.4/swagger_server/util.py'
adding 'swagger_server-1.0.4/swagger_server/database.py'
adding 'swagger_server-1.0.4/swagger_server/__init__.py'
adding 'swagger_server-1.0.4/swagger_server/encoder.py'
adding 'swagger_server-1.0.4/swagger_server/app.py'
adding 'swagger_server-1.0.4/swagger_server/__main__.py'
adding 'swagger_server-1.0.4/swagger_server/test/__init__.py'
adding 'swagger_server-1.0.4/swagger_server/test/test_user_controller.py'
adding 'swagger_server-1.0.4/swagger_server/swagger/swagger.yaml'
adding 'swagger_server-1.0.4/swagger_server/models/user.py'
adding 'swagger_server-1.0.4/swagger_server/models/__init__.py'
adding 'swagger_server-1.0.4/swagger_server/models/api_response.py'
adding 'swagger_server-1.0.4/swagger_server/models/base_model_.py'
adding 'swagger_server-1.0.4/swagger_server/controllers/user_controller.py'
adding 'swagger_server-1.0.4/swagger_server/controllers/__init__.py'
adding 'swagger_server-1.0.4/swagger_server.egg-info/PKG-INFO'
adding 'swagger_server-1.0.4/swagger_server.egg-info/SOURCES.txt'
adding 'swagger_server-1.0.4/swagger_server.egg-info/entry_points.txt'
adding 'swagger_server-1.0.4/swagger_server.egg-info/requires.txt'
adding 'swagger_server-1.0.4/swagger_server.egg-info/top_level.txt'
adding 'swagger_server-1.0.4/swagger_server.egg-info/dependency_links.txt'
removing 'swagger_server-1.0.4' (and everything under it)
