actionid: py36
msg: installpkg
cmdargs: '/Users/nabarun/src/redmart/sw-users/.tox/py36/bin/python -m pip install --exists-action w /Users/nabarun/src/redmart/sw-users/.tox/dist/swagger_server-1.0.4.zip'

Looking in indexes: https://pypi.org/simple, http://192.168.33.10/
Processing ./.tox/dist/swagger_server-1.0.4.zip
Requirement already satisfied: connexion==1.1.15 in ./.tox/py36/lib/python3.6/site-packages (from swagger-server==1.0.4) (1.1.15)
Requirement already satisfied: python_dateutil==2.6.0 in ./.tox/py36/lib/python3.6/site-packages (from swagger-server==1.0.4) (2.6.0)
Requirement already satisfied: setuptools>=21.0.0 in ./.tox/py36/lib/python3.6/site-packages (from swagger-server==1.0.4) (40.4.2)
Requirement already satisfied: gunicorn==19.9.0 in ./.tox/py36/lib/python3.6/site-packages (from swagger-server==1.0.4) (19.9.0)
Requirement already satisfied: sqlalchemy==1.2.12 in ./.tox/py36/lib/python3.6/site-packages (from swagger-server==1.0.4) (1.2.12)
Requirement already satisfied: flask>=0.10.1 in ./.tox/py36/lib/python3.6/site-packages (from connexion==1.1.15->swagger-server==1.0.4) (1.0.2)
Requirement already satisfied: six>=1.9 in ./.tox/py36/lib/python3.6/site-packages (from connexion==1.1.15->swagger-server==1.0.4) (1.11.0)
Requirement already satisfied: requests>=2.9.1 in ./.tox/py36/lib/python3.6/site-packages (from connexion==1.1.15->swagger-server==1.0.4) (2.19.1)
Requirement already satisfied: clickclick>=1.2 in ./.tox/py36/lib/python3.6/site-packages (from connexion==1.1.15->swagger-server==1.0.4) (1.2.2)
Requirement already satisfied: inflection>=0.3.1 in ./.tox/py36/lib/python3.6/site-packages (from connexion==1.1.15->swagger-server==1.0.4) (0.3.1)
Requirement already satisfied: PyYAML>=3.11 in ./.tox/py36/lib/python3.6/site-packages (from connexion==1.1.15->swagger-server==1.0.4) (3.13)
Requirement already satisfied: swagger-spec-validator>=2.0.2 in ./.tox/py36/lib/python3.6/site-packages (from connexion==1.1.15->swagger-server==1.0.4) (2.4.0)
Requirement already satisfied: jsonschema>=2.5.1 in ./.tox/py36/lib/python3.6/site-packages (from connexion==1.1.15->swagger-server==1.0.4) (2.6.0)
Requirement already satisfied: click>=5.1 in ./.tox/py36/lib/python3.6/site-packages (from flask>=0.10.1->connexion==1.1.15->swagger-server==1.0.4) (6.7)
Requirement already satisfied: Jinja2>=2.10 in ./.tox/py36/lib/python3.6/site-packages (from flask>=0.10.1->connexion==1.1.15->swagger-server==1.0.4) (2.10)
Requirement already satisfied: Werkzeug>=0.14 in ./.tox/py36/lib/python3.6/site-packages (from flask>=0.10.1->connexion==1.1.15->swagger-server==1.0.4) (0.14.1)
Requirement already satisfied: itsdangerous>=0.24 in ./.tox/py36/lib/python3.6/site-packages (from flask>=0.10.1->connexion==1.1.15->swagger-server==1.0.4) (0.24)
Requirement already satisfied: certifi>=2017.4.17 in ./.tox/py36/lib/python3.6/site-packages (from requests>=2.9.1->connexion==1.1.15->swagger-server==1.0.4) (2018.8.24)
Requirement already satisfied: chardet<3.1.0,>=3.0.2 in ./.tox/py36/lib/python3.6/site-packages (from requests>=2.9.1->connexion==1.1.15->swagger-server==1.0.4) (3.0.4)
Requirement already satisfied: urllib3<1.24,>=1.21.1 in ./.tox/py36/lib/python3.6/site-packages (from requests>=2.9.1->connexion==1.1.15->swagger-server==1.0.4) (1.23)
Requirement already satisfied: idna<2.8,>=2.5 in ./.tox/py36/lib/python3.6/site-packages (from requests>=2.9.1->connexion==1.1.15->swagger-server==1.0.4) (2.7)
Requirement already satisfied: MarkupSafe>=0.23 in ./.tox/py36/lib/python3.6/site-packages (from Jinja2>=2.10->flask>=0.10.1->connexion==1.1.15->swagger-server==1.0.4) (1.0)
Building wheels for collected packages: swagger-server
  Running setup.py bdist_wheel for swagger-server: started
  Running setup.py bdist_wheel for swagger-server: finished with status 'done'
  Stored in directory: /Users/nabarun/Library/Caches/pip/wheels/e7/34/d2/41a5acf643f08aab1eccabd231d149f234e4028db9c6818cdf
Successfully built swagger-server
Installing collected packages: swagger-server
  Found existing installation: swagger-server 1.0.4
    Not uninstalling swagger-server at /Users/nabarun/src/redmart/sw-users, outside environment /Users/nabarun/src/redmart/sw-users/.tox/py36/bin/..
    Can't uninstall 'swagger-server'. No files were found to uninstall.
Successfully installed swagger-server-1.0.4
