actionid: py36
msg: envreport
cmdargs: '/Users/nabarun/src/redmart/sw-users/.tox/py36/bin/python -m pip freeze'

certifi==2018.8.24
chardet==3.0.4
click==6.7
clickclick==1.2.2
connexion==1.1.15
coverage==4.5.1
Flask==1.0.2
Flask-Testing==0.6.1
gunicorn==19.9.0
idna==2.7
inflection==0.3.1
itsdangerous==0.24
Jinja2==2.10
jsonschema==2.6.0
MarkupSafe==1.0
nose==1.3.7
pluggy==0.7.1
py==1.6.0
python-dateutil==2.6.0
PyYAML==3.13
randomize==0.14
requests==2.19.1
six==1.11.0
SQLAlchemy==1.2.12
swagger-server==1.0.4
swagger-spec-validator==2.4.0
urllib3==1.23
Werkzeug==0.14.1
